<?xml version="1.0" encoding="UTF-8"?>
<!-- Generated by org.testng.reporters.JUnitReportReporter -->
<testsuite hostname="ByteMe" failures="0" tests="1" name="automationproject.ecommerce_website.E2ETest" time="10.138" errors="0" timestamp="2024-09-13T08:46:09 EDT" skipped="0">
  <testcase classname="automationproject.ecommerce_website.E2ETest" name="purchasing" time="10.138"/>
</testsuite> <!-- automationproject.ecommerce_website.E2ETest -->
