<?xml version="1.0" encoding="UTF-8"?>
<!-- Generated by org.testng.reporters.JUnitReportReporter -->
<testsuite hostname="ByteMe" failures="0" tests="2" name="automationproject.ecommerce_website.LoginTest" time="10.199" errors="0" timestamp="2024-09-12T11:53:23 EDT" skipped="0">
  <testcase classname="automationproject.ecommerce_website.LoginTest" name="login" time="4.285"/>
  <testcase classname="automationproject.ecommerce_website.LoginTest" name="accountRegistration" time="5.914"/>
</testsuite> <!-- automationproject.ecommerce_website.LoginTest -->
