<?xml version="1.0" encoding="UTF-8"?>
<!-- Generated by org.testng.reporters.JUnitReportReporter -->
<testsuite hostname="ByteMe" failures="0" tests="4" name="automationproject.testcases.E2ETest1" time="46.764" errors="0" timestamp="2024-09-16T19:14:17 EDT" skipped="0">
  <testcase classname="automationproject.testcases.E2ETest1" name="orderHistory" time="3.564"/>
  <testcase classname="automationproject.testcases.E2ETest1" name="orderHistory" time="7.553"/>
  <testcase classname="automationproject.testcases.E2ETest1" name="purchasingProduct" time="24.177"/>
  <testcase classname="automationproject.testcases.E2ETest1" name="purchasingProduct" time="11.470"/>
</testsuite> <!-- automationproject.testcases.E2ETest1 -->
