<?xml version="1.0" encoding="UTF-8"?>
<!-- Generated by org.testng.reporters.JUnitReportReporter -->
<testsuite hostname="ByteMe" failures="0" tests="4" name="automationproject.testcases.E2ETest1" time="33.184" errors="0" timestamp="2024-09-17T08:26:01 EDT" skipped="0">
  <testcase classname="automationproject.testcases.E2ETest1" name="orderHistory" time="5.046"/>
  <system-out/>
  <testcase classname="automationproject.testcases.E2ETest1" name="orderHistory" time="6.430"/>
  <system-out/>
  <testcase classname="automationproject.testcases.E2ETest1" name="purchasingProduct" time="10.440"/>
  <system-out/>
  <testcase classname="automationproject.testcases.E2ETest1" name="purchasingProduct" time="11.268"/>
  <system-out/>
</testsuite> <!-- automationproject.testcases.E2ETest1 -->
